ERROR:root:GIFs: dsa is exist
ERROR:root:GIFs: dsa2 is exist
ERROR:root:GIFs: string is exist
ERROR:root:GIFs: string is exist
ERROR:root:GIFs: None is exist
ERROR:root:GIFs: babiz is exist
ERROR:root:GIFs: gay10 is exist
ERROR:root:GIFs: dsafds is exist
ERROR:root:GIFs: Бизонесмен is exist
ERROR:root:GIFs: Бизонесмен is exist
ERROR:root:GIFs: Отдыхаем is exist
ERROR:root:GIFs: Фатальная ошибка is exist
ERROR:root:GIFs: monkey chef is exist
ERROR:root:GIFs: крутяк is exist
ERROR:root:GIFs: задачко не из легких is exist
ERROR:root:GIFs: Баскетбол is exist
ERROR:root:gif is not exist
ERROR:root:database is empty
ERROR:root:database is empty
ERROR:root:database is empty
ERROR:root:database is empty
ERROR:root:database is empty
ERROR:root:gif is not exist
